[backblue.gif]
[fade.gif]
[index.html]
[onlineislemler.egm.gov.tr/_layouts/15/1055/initstrings1848.js]
[onlineislemler.egm.gov.tr/_layouts/15/init0563.js]
[onlineislemler.egm.gov.tr/_layouts/15/theming24b4.js]
[onlineislemler.egm.gov.tr/_layouts/15/blank4f08.js]
[onlineislemler.egm.gov.tr/_layouts/SP.js]
[onlineislemler.egm.gov.tr/_layouts/SP.UI.Dialog.js]
[onlineislemler.egm.gov.tr/_layouts/15/1055/SP.Res.js]
[onlineislemler.egm.gov.tr/_catalogs/masterpage/EGM2019/bootstrap/bootstrap.js]
[onlineislemler.egm.gov.tr/_catalogs/masterpage/EGM2019/bootstrap/bootstrap.min.js]
[onlineislemler.egm.gov.tr/_catalogs/masterpage/EGM2019/bootstrap/telefon.js]
[onlineislemler.egm.gov.tr/_catalogs/masterpage/EGM2019/cm_img/onlineihbar.png]
[onlineislemler.egm.gov.tr/_catalogs/masterpage/EGM2019/cm_img/attach.gif]
[onlineislemler.egm.gov.tr/_catalogs/masterpage/EGM2019/cm_img/Refresh.gif]
[onlineislemler.egm.gov.tr/Sayfalar/Ihbar.html]
[onlineislemler.egm.gov.tr/Style Library/tr-TR/Themable/Core Styles/pagelayouts15.css]
[onlineislemler.egm.gov.tr/_layouts/15/images/spcommon2873.png]
[onlineislemler.egm.gov.tr/_layouts/15/images/tabtitlerowbottombg2873.png]
[onlineislemler.egm.gov.tr/_layouts/15/images/selbg2873.png]
[onlineislemler.egm.gov.tr/_layouts/15/images/wpadder_graygrad.png]
[onlineislemler.egm.gov.tr/_layouts/15/images/treeviewselected.png]
[onlineislemler.egm.gov.tr/_layouts/15/images/fbgrad2873.png]
[onlineislemler.egm.gov.tr/_layouts/15/images/create_upgradient2873.png]
[onlineislemler.egm.gov.tr/_layouts/15/images/fgimg2873.png]
[onlineislemler.egm.gov.tr/_layouts/15/images/create_defaultgradient2873.png]
[onlineislemler.egm.gov.tr/_layouts/15/images/dot2873.gif]
[onlineislemler.egm.gov.tr/_layouts/15/images/topnavunselected2873.gif]
[onlineislemler.egm.gov.tr/_layouts/15/images/wptphdr2873.png]
[onlineislemler.egm.gov.tr/_layouts/15/images/menubuttonhover2873.gif]
[onlineislemler.egm.gov.tr/_layouts/15/images/listheadergrad2873.gif]
[onlineislemler.egm.gov.tr/_layouts/15/images/pageTitleBKGD2873.gif]
[onlineislemler.egm.gov.tr/_layouts/15/images/cnsugrdn2873.gif]
[onlineislemler.egm.gov.tr/_layouts/15/images/menu-down2873.gif]
[onlineislemler.egm.gov.tr/_layouts/15/images/menu-right2873.gif]
[onlineislemler.egm.gov.tr/_layouts/15/images/rmgrad162873.png]
[onlineislemler.egm.gov.tr/_layouts/15/images/rmgrad16rtl2873.png]
[onlineislemler.egm.gov.tr/_layouts/15/1055/images/spintl.png]
[onlineislemler.egm.gov.tr/_layouts/15/images/UserSquiggle2873.png]
[onlineislemler.egm.gov.tr/_layouts/15/1055/styles/Themable/corev152332.css]
[onlineislemler.egm.gov.tr/_catalogs/masterpage/EGM2019/cm_img/btdcmmain.jpg]
[onlineislemler.egm.gov.tr/_catalogs/masterpage/EGM2019/cm_img/head177-1.png]
[onlineislemler.egm.gov.tr/_catalogs/masterpage/EGM2019/cm_img/altbthd.png]
[onlineislemler.egm.gov.tr/_catalogs/masterpage/EGM2019/cmStyle2021.css]
[onlineislemler.egm.gov.tr/_layouts/bilisim.common/bilisimribbon.html]
[onlineislemler.egm.gov.tr/Sayfalar/require.html]
[onlineislemler.egm.gov.tr/Sayfalar/strings.html]
[onlineislemler.egm.gov.tr/Sayfalar/sp.runtime.html]
[onlineislemler.egm.gov.tr/Sayfalar/sp.html]
[onlineislemler.egm.gov.tr/Sayfalar/sp.ui.dialog.html]
[onlineislemler.egm.gov.tr/Sayfalar/sp.init.html]
[onlineislemler.egm.gov.tr/Sayfalar/core.html]
[onlineislemler.egm.gov.tr/Sayfalar/menu.html]
[onlineislemler.egm.gov.tr/Sayfalar/mQuery.html]
[onlineislemler.egm.gov.tr/Sayfalar/callout.html]
[onlineislemler.egm.gov.tr/Sayfalar/sp.core.html]
[onlineislemler.egm.gov.tr/Sayfalar/sharedhovercard.strings.html]
[onlineislemler.egm.gov.tr/Sayfalar/sharedhovercard.html]
[onlineislemler.egm.gov.tr/Sayfalar/clienttemplates.html]
[onlineislemler.egm.gov.tr/Sayfalar/sharing.html]
[onlineislemler.egm.gov.tr/Sayfalar/suitelinks.html]
[onlineislemler.egm.gov.tr/Sayfalar/followingcommon.html]
[onlineislemler.egm.gov.tr/Sayfalar/sp.ui.mysitecommon.html]
[onlineislemler.egm.gov.tr/_catalogs/masterpage/EGM2019/bootstrap/bootstrap.css]
[onlineislemler.egm.gov.tr/_catalogs/masterpage/EGM2019/bootstrap/bootstrap.min.css]
[onlineislemler.egm.gov.tr/Sayfalar/sp.ribbon.html]
[onlineislemler.egm.gov.tr/_layouts/15/images/RibbonBG2873.html]
